{"/home/taranpreet/Sfu/CMPT276/OnlineGame/Back-End/index.js": {"path":"/home/taranpreet/Sfu/CMPT276/OnlineGame/Back-End/index.js","statementMap":{"0":{"start":{"line":1,"column":16},"end":{"line":1,"column":34}},"1":{"start":{"line":2,"column":13},"end":{"line":2,"column":28}},"2":{"start":{"line":3,"column":17},"end":{"line":3,"column":36}},"3":{"start":{"line":4,"column":15},"end":{"line":4,"column":32}},"4":{"start":{"line":5,"column":15},"end":{"line":5,"column":32}},"5":{"start":{"line":6,"column":20},"end":{"line":6,"column":42}},"6":{"start":{"line":7,"column":13},"end":{"line":7,"column":37}},"7":{"start":{"line":8,"column":22},"end":{"line":8,"column":73}},"8":{"start":{"line":10,"column":12},"end":{"line":10,"column":21}},"9":{"start":{"line":11,"column":19},"end":{"line":11,"column":41}},"10":{"start":{"line":12,"column":13},"end":{"line":12,"column":37}},"11":{"start":{"line":14,"column":0},"end":{"line":14,"column":18}},"12":{"start":{"line":15,"column":0},"end":{"line":15,"column":23}},"13":{"start":{"line":16,"column":0},"end":{"line":16,"column":16}},"14":{"start":{"line":17,"column":0},"end":{"line":17,"column":27}},"15":{"start":{"line":18,"column":0},"end":{"line":22,"column":2}},"16":{"start":{"line":26,"column":11},"end":{"line":26,"column":53}},"17":{"start":{"line":28,"column":0},"end":{"line":30,"column":66}},"18":{"start":{"line":29,"column":16},"end":{"line":29,"column":52}},"19":{"start":{"line":30,"column":18},"end":{"line":30,"column":64}},"20":{"start":{"line":32,"column":15},"end":{"line":34,"column":2}},"21":{"start":{"line":33,"column":2},"end":{"line":33,"column":44}},"22":{"start":{"line":37,"column":0},"end":{"line":42,"column":3}},"23":{"start":{"line":38,"column":2},"end":{"line":38,"column":49}},"24":{"start":{"line":39,"column":2},"end":{"line":39,"column":71}},"25":{"start":{"line":40,"column":2},"end":{"line":40,"column":61}},"26":{"start":{"line":41,"column":2},"end":{"line":41,"column":9}},"27":{"start":{"line":44,"column":0},"end":{"line":44,"column":23}},"28":{"start":{"line":46,"column":0},"end":{"line":46,"column":24}}},"fnMap":{"0":{"name":"(anonymous_0)","decl":{"start":{"line":29,"column":8},"end":{"line":29,"column":9}},"loc":{"start":{"line":29,"column":14},"end":{"line":29,"column":53}},"line":29},"1":{"name":"(anonymous_1)","decl":{"start":{"line":30,"column":9},"end":{"line":30,"column":10}},"loc":{"start":{"line":30,"column":18},"end":{"line":30,"column":64}},"line":30},"2":{"name":"(anonymous_2)","decl":{"start":{"line":32,"column":32},"end":{"line":32,"column":33}},"loc":{"start":{"line":32,"column":38},"end":{"line":34,"column":1}},"line":32},"3":{"name":"(anonymous_3)","decl":{"start":{"line":37,"column":8},"end":{"line":37,"column":9}},"loc":{"start":{"line":37,"column":33},"end":{"line":42,"column":1}},"line":37}},"branchMap":{"0":{"loc":{"start":{"line":12,"column":13},"end":{"line":12,"column":37}},"type":"binary-expr","locations":[{"start":{"line":12,"column":13},"end":{"line":12,"column":29}},{"start":{"line":12,"column":33},"end":{"line":12,"column":37}}],"line":12}},"s":{"0":1,"1":1,"2":1,"3":1,"4":1,"5":1,"6":1,"7":1,"8":1,"9":1,"10":1,"11":1,"12":1,"13":1,"14":1,"15":1,"16":1,"17":1,"18":1,"19":0,"20":1,"21":1,"22":1,"23":12,"24":12,"25":12,"26":12,"27":1,"28":1},"f":{"0":1,"1":0,"2":1,"3":12},"b":{"0":[1,1]},"_coverageSchema":"43e27e138ebf9cfc5966b082cf9a028302ed4184","hash":"a90682de1782d618fcd14bc62e52e244deb658ee"}
,"/home/taranpreet/Sfu/CMPT276/OnlineGame/Back-End/middleware/auth.js": {"path":"/home/taranpreet/Sfu/CMPT276/OnlineGame/Back-End/middleware/auth.js","statementMap":{"0":{"start":{"line":1,"column":17},"end":{"line":1,"column":36}},"1":{"start":{"line":2,"column":12},"end":{"line":2,"column":35}},"2":{"start":{"line":4,"column":0},"end":{"line":19,"column":1}},"3":{"start":{"line":6,"column":16},"end":{"line":6,"column":43}},"4":{"start":{"line":8,"column":2},"end":{"line":8,"column":78}},"5":{"start":{"line":8,"column":13},"end":{"line":8,"column":78}},"6":{"start":{"line":10,"column":2},"end":{"line":17,"column":3}},"7":{"start":{"line":11,"column":20},"end":{"line":11,"column":66}},"8":{"start":{"line":12,"column":4},"end":{"line":12,"column":23}},"9":{"start":{"line":13,"column":4},"end":{"line":13,"column":11}},"10":{"start":{"line":16,"column":4},"end":{"line":16,"column":43}},"11":{"start":{"line":18,"column":2},"end":{"line":18,"column":9}}},"fnMap":{"0":{"name":"(anonymous_0)","decl":{"start":{"line":4,"column":17},"end":{"line":4,"column":18}},"loc":{"start":{"line":4,"column":42},"end":{"line":19,"column":1}},"line":4}},"branchMap":{"0":{"loc":{"start":{"line":8,"column":2},"end":{"line":8,"column":78}},"type":"if","locations":[{"start":{"line":8,"column":2},"end":{"line":8,"column":78}},{"start":{"line":8,"column":2},"end":{"line":8,"column":78}}],"line":8}},"s":{"0":1,"1":1,"2":1,"3":0,"4":0,"5":0,"6":0,"7":0,"8":0,"9":0,"10":0,"11":0},"f":{"0":0},"b":{"0":[0,0]},"_coverageSchema":"43e27e138ebf9cfc5966b082cf9a028302ed4184","hash":"7949a49deac50520c1d23ed0dd6e990374900ee2"}
,"/home/taranpreet/Sfu/CMPT276/OnlineGame/Back-End/models/user.js": {"path":"/home/taranpreet/Sfu/CMPT276/OnlineGame/Back-End/models/user.js","statementMap":{"0":{"start":{"line":1,"column":17},"end":{"line":1,"column":36}},"1":{"start":{"line":2,"column":12},"end":{"line":2,"column":26}},"2":{"start":{"line":3,"column":12},"end":{"line":3,"column":35}},"3":{"start":{"line":4,"column":15},"end":{"line":4,"column":32}},"4":{"start":{"line":6,"column":19},"end":{"line":35,"column":2}},"5":{"start":{"line":37,"column":0},"end":{"line":40,"column":1}},"6":{"start":{"line":38,"column":16},"end":{"line":38,"column":72}},"7":{"start":{"line":39,"column":2},"end":{"line":39,"column":15}},"8":{"start":{"line":42,"column":13},"end":{"line":42,"column":47}},"9":{"start":{"line":45,"column":17},"end":{"line":49,"column":3}},"10":{"start":{"line":50,"column":2},"end":{"line":50,"column":36}},"11":{"start":{"line":54,"column":17},"end":{"line":57,"column":3}},"12":{"start":{"line":58,"column":2},"end":{"line":58,"column":36}},"13":{"start":{"line":62,"column":0},"end":{"line":62,"column":39}},"14":{"start":{"line":63,"column":0},"end":{"line":63,"column":27}},"15":{"start":{"line":64,"column":0},"end":{"line":64,"column":43}},"16":{"start":{"line":65,"column":0},"end":{"line":65,"column":53}}},"fnMap":{"0":{"name":"(anonymous_0)","decl":{"start":{"line":37,"column":39},"end":{"line":37,"column":40}},"loc":{"start":{"line":37,"column":50},"end":{"line":40,"column":1}},"line":37},"1":{"name":"validateUser","decl":{"start":{"line":44,"column":9},"end":{"line":44,"column":21}},"loc":{"start":{"line":44,"column":28},"end":{"line":51,"column":1}},"line":44},"2":{"name":"validateUserLogin","decl":{"start":{"line":53,"column":9},"end":{"line":53,"column":26}},"loc":{"start":{"line":53,"column":33},"end":{"line":59,"column":1}},"line":53}},"branchMap":{},"s":{"0":2,"1":2,"2":2,"3":2,"4":2,"5":2,"6":3,"7":3,"8":2,"9":15,"10":15,"11":8,"12":8,"13":2,"14":2,"15":2,"16":2},"f":{"0":3,"1":15,"2":8},"b":{},"_coverageSchema":"43e27e138ebf9cfc5966b082cf9a028302ed4184","hash":"90fdb52d83d3904412fb11fef61a1232c2bf170e"}
,"/home/taranpreet/Sfu/CMPT276/OnlineGame/Back-End/oauthStrategy/passport-google-strategy.js": {"path":"/home/taranpreet/Sfu/CMPT276/OnlineGame/Back-End/oauthStrategy/passport-google-strategy.js","statementMap":{"0":{"start":{"line":1,"column":17},"end":{"line":1,"column":36}},"1":{"start":{"line":2,"column":23},"end":{"line":2,"column":57}},"2":{"start":{"line":3,"column":15},"end":{"line":3,"column":32}},"3":{"start":{"line":4,"column":17},"end":{"line":4,"column":42}},"4":{"start":{"line":6,"column":0},"end":{"line":9,"column":1}},"5":{"start":{"line":7,"column":2},"end":{"line":7,"column":43}},"6":{"start":{"line":8,"column":2},"end":{"line":8,"column":18}},"7":{"start":{"line":11,"column":0},"end":{"line":14,"column":1}},"8":{"start":{"line":12,"column":2},"end":{"line":12,"column":47}},"9":{"start":{"line":13,"column":2},"end":{"line":13,"column":18}},"10":{"start":{"line":16,"column":0},"end":{"line":45,"column":4}},"11":{"start":{"line":22,"column":15},"end":{"line":22,"column":68}},"12":{"start":{"line":23,"column":22},"end":{"line":23,"column":83}},"13":{"start":{"line":25,"column":4},"end":{"line":43,"column":5}},"14":{"start":{"line":26,"column":6},"end":{"line":26,"column":30}},"15":{"start":{"line":29,"column":6},"end":{"line":36,"column":9}},"16":{"start":{"line":38,"column":21},"end":{"line":41,"column":10}},"17":{"start":{"line":40,"column":10},"end":{"line":40,"column":27}},"18":{"start":{"line":42,"column":6},"end":{"line":42,"column":25}}},"fnMap":{"0":{"name":"(anonymous_0)","decl":{"start":{"line":21,"column":3},"end":{"line":21,"column":4}},"loc":{"start":{"line":21,"column":55},"end":{"line":45,"column":1}},"line":21},"1":{"name":"(anonymous_1)","decl":{"start":{"line":39,"column":15},"end":{"line":39,"column":16}},"loc":{"start":{"line":39,"column":24},"end":{"line":41,"column":9}},"line":39}},"branchMap":{"0":{"loc":{"start":{"line":6,"column":0},"end":{"line":9,"column":1}},"type":"if","locations":[{"start":{"line":6,"column":0},"end":{"line":9,"column":1}},{"start":{"line":6,"column":0},"end":{"line":9,"column":1}}],"line":6},"1":{"loc":{"start":{"line":11,"column":0},"end":{"line":14,"column":1}},"type":"if","locations":[{"start":{"line":11,"column":0},"end":{"line":14,"column":1}},{"start":{"line":11,"column":0},"end":{"line":14,"column":1}}],"line":11},"2":{"loc":{"start":{"line":25,"column":4},"end":{"line":43,"column":5}},"type":"if","locations":[{"start":{"line":25,"column":4},"end":{"line":43,"column":5}},{"start":{"line":25,"column":4},"end":{"line":43,"column":5}}],"line":25},"3":{"loc":{"start":{"line":25,"column":8},"end":{"line":25,"column":25}},"type":"binary-expr","locations":[{"start":{"line":25,"column":8},"end":{"line":25,"column":12}},{"start":{"line":25,"column":16},"end":{"line":25,"column":25}}],"line":25}},"s":{"0":1,"1":1,"2":1,"3":1,"4":1,"5":0,"6":0,"7":1,"8":0,"9":0,"10":1,"11":0,"12":0,"13":0,"14":0,"15":0,"16":0,"17":0,"18":0},"f":{"0":0,"1":0},"b":{"0":[0,1],"1":[0,1],"2":[0,0],"3":[0,0]},"_coverageSchema":"43e27e138ebf9cfc5966b082cf9a028302ed4184","hash":"d177ad6c9b2676c9c598ae307f440d4204550b52"}
,"/home/taranpreet/Sfu/CMPT276/OnlineGame/Back-End/routes/auth.js": {"path":"/home/taranpreet/Sfu/CMPT276/OnlineGame/Back-End/routes/auth.js","statementMap":{"0":{"start":{"line":1,"column":16},"end":{"line":1,"column":34}},"1":{"start":{"line":2,"column":13},"end":{"line":2,"column":28}},"2":{"start":{"line":3,"column":17},"end":{"line":3,"column":36}},"3":{"start":{"line":4,"column":15},"end":{"line":4,"column":34}},"4":{"start":{"line":5,"column":10},"end":{"line":5,"column":27}},"5":{"start":{"line":6,"column":13},"end":{"line":6,"column":42}},"6":{"start":{"line":7,"column":50},"end":{"line":7,"column":75}},"7":{"start":{"line":8,"column":15},"end":{"line":8,"column":31}},"8":{"start":{"line":10,"column":0},"end":{"line":22,"column":3}},"9":{"start":{"line":11,"column":20},"end":{"line":11,"column":47}},"10":{"start":{"line":12,"column":2},"end":{"line":12,"column":67}},"11":{"start":{"line":12,"column":13},"end":{"line":12,"column":67}},"12":{"start":{"line":14,"column":13},"end":{"line":14,"column":66}},"13":{"start":{"line":15,"column":2},"end":{"line":15,"column":70}},"14":{"start":{"line":15,"column":13},"end":{"line":15,"column":70}},"15":{"start":{"line":17,"column":24},"end":{"line":17,"column":84}},"16":{"start":{"line":18,"column":2},"end":{"line":18,"column":70}},"17":{"start":{"line":18,"column":22},"end":{"line":18,"column":70}},"18":{"start":{"line":20,"column":16},"end":{"line":20,"column":40}},"19":{"start":{"line":21,"column":2},"end":{"line":21,"column":18}},"20":{"start":{"line":25,"column":0},"end":{"line":56,"column":3}},"21":{"start":{"line":26,"column":20},"end":{"line":26,"column":42}},"22":{"start":{"line":27,"column":2},"end":{"line":27,"column":67}},"23":{"start":{"line":27,"column":13},"end":{"line":27,"column":67}},"24":{"start":{"line":29,"column":13},"end":{"line":29,"column":66}},"25":{"start":{"line":30,"column":2},"end":{"line":30,"column":56}},"26":{"start":{"line":30,"column":12},"end":{"line":30,"column":56}},"27":{"start":{"line":32,"column":2},"end":{"line":32,"column":64}},"28":{"start":{"line":33,"column":2},"end":{"line":33,"column":56}},"29":{"start":{"line":33,"column":12},"end":{"line":33,"column":56}},"30":{"start":{"line":36,"column":2},"end":{"line":43,"column":5}},"31":{"start":{"line":45,"column":15},"end":{"line":45,"column":39}},"32":{"start":{"line":46,"column":2},"end":{"line":46,"column":69}},"33":{"start":{"line":48,"column":17},"end":{"line":52,"column":4}},"34":{"start":{"line":50,"column":6},"end":{"line":50,"column":54}},"35":{"start":{"line":51,"column":6},"end":{"line":51,"column":25}},"36":{"start":{"line":54,"column":16},"end":{"line":54,"column":40}},"37":{"start":{"line":55,"column":2},"end":{"line":55,"column":18}},"38":{"start":{"line":59,"column":0},"end":{"line":61,"column":4}},"39":{"start":{"line":64,"column":0},"end":{"line":68,"column":3}},"40":{"start":{"line":65,"column":15},"end":{"line":65,"column":23}},"41":{"start":{"line":66,"column":16},"end":{"line":66,"column":40}},"42":{"start":{"line":67,"column":2},"end":{"line":67,"column":67}},"43":{"start":{"line":70,"column":0},"end":{"line":70,"column":24}}},"fnMap":{"0":{"name":"(anonymous_0)","decl":{"start":{"line":10,"column":22},"end":{"line":10,"column":23}},"loc":{"start":{"line":10,"column":42},"end":{"line":22,"column":1}},"line":10},"1":{"name":"(anonymous_1)","decl":{"start":{"line":25,"column":25},"end":{"line":25,"column":26}},"loc":{"start":{"line":25,"column":45},"end":{"line":56,"column":1}},"line":25},"2":{"name":"(anonymous_2)","decl":{"start":{"line":49,"column":11},"end":{"line":49,"column":12}},"loc":{"start":{"line":49,"column":20},"end":{"line":52,"column":3}},"line":49},"3":{"name":"(anonymous_3)","decl":{"start":{"line":64,"column":84},"end":{"line":64,"column":85}},"loc":{"start":{"line":64,"column":98},"end":{"line":68,"column":1}},"line":64}},"branchMap":{"0":{"loc":{"start":{"line":12,"column":2},"end":{"line":12,"column":67}},"type":"if","locations":[{"start":{"line":12,"column":2},"end":{"line":12,"column":67}},{"start":{"line":12,"column":2},"end":{"line":12,"column":67}}],"line":12},"1":{"loc":{"start":{"line":15,"column":2},"end":{"line":15,"column":70}},"type":"if","locations":[{"start":{"line":15,"column":2},"end":{"line":15,"column":70}},{"start":{"line":15,"column":2},"end":{"line":15,"column":70}}],"line":15},"2":{"loc":{"start":{"line":18,"column":2},"end":{"line":18,"column":70}},"type":"if","locations":[{"start":{"line":18,"column":2},"end":{"line":18,"column":70}},{"start":{"line":18,"column":2},"end":{"line":18,"column":70}}],"line":18},"3":{"loc":{"start":{"line":27,"column":2},"end":{"line":27,"column":67}},"type":"if","locations":[{"start":{"line":27,"column":2},"end":{"line":27,"column":67}},{"start":{"line":27,"column":2},"end":{"line":27,"column":67}}],"line":27},"4":{"loc":{"start":{"line":30,"column":2},"end":{"line":30,"column":56}},"type":"if","locations":[{"start":{"line":30,"column":2},"end":{"line":30,"column":56}},{"start":{"line":30,"column":2},"end":{"line":30,"column":56}}],"line":30},"5":{"loc":{"start":{"line":33,"column":2},"end":{"line":33,"column":56}},"type":"if","locations":[{"start":{"line":33,"column":2},"end":{"line":33,"column":56}},{"start":{"line":33,"column":2},"end":{"line":33,"column":56}}],"line":33}},"s":{"0":1,"1":1,"2":1,"3":1,"4":1,"5":1,"6":1,"7":1,"8":1,"9":3,"10":3,"11":2,"12":1,"13":1,"14":1,"15":0,"16":0,"17":0,"18":0,"19":0,"20":1,"21":9,"22":9,"23":6,"24":3,"25":3,"26":1,"27":2,"28":2,"29":0,"30":2,"31":2,"32":2,"33":2,"34":0,"35":0,"36":2,"37":2,"38":1,"39":1,"40":0,"41":0,"42":0,"43":1},"f":{"0":3,"1":9,"2":0,"3":0},"b":{"0":[2,1],"1":[1,0],"2":[0,0],"3":[6,3],"4":[1,2],"5":[0,2]},"_coverageSchema":"43e27e138ebf9cfc5966b082cf9a028302ed4184","hash":"8ff5586fd9bf8699746c41da93e406e56c4a10e3"}
}
