{"/home/taranpreet/Sfu/CMPT276/OnlineGame/Back-End/models/user.js": {"path":"/home/taranpreet/Sfu/CMPT276/OnlineGame/Back-End/models/user.js","statementMap":{"0":{"start":{"line":1,"column":17},"end":{"line":1,"column":36}},"1":{"start":{"line":2,"column":12},"end":{"line":2,"column":26}},"2":{"start":{"line":3,"column":12},"end":{"line":3,"column":35}},"3":{"start":{"line":4,"column":15},"end":{"line":4,"column":32}},"4":{"start":{"line":6,"column":19},"end":{"line":35,"column":2}},"5":{"start":{"line":37,"column":0},"end":{"line":40,"column":1}},"6":{"start":{"line":38,"column":16},"end":{"line":38,"column":72}},"7":{"start":{"line":39,"column":2},"end":{"line":39,"column":15}},"8":{"start":{"line":42,"column":13},"end":{"line":42,"column":47}},"9":{"start":{"line":45,"column":17},"end":{"line":49,"column":3}},"10":{"start":{"line":50,"column":2},"end":{"line":50,"column":36}},"11":{"start":{"line":54,"column":17},"end":{"line":57,"column":3}},"12":{"start":{"line":58,"column":2},"end":{"line":58,"column":36}},"13":{"start":{"line":62,"column":0},"end":{"line":62,"column":39}},"14":{"start":{"line":63,"column":0},"end":{"line":63,"column":27}},"15":{"start":{"line":64,"column":0},"end":{"line":64,"column":43}},"16":{"start":{"line":65,"column":0},"end":{"line":65,"column":53}}},"fnMap":{"0":{"name":"(anonymous_0)","decl":{"start":{"line":37,"column":39},"end":{"line":37,"column":40}},"loc":{"start":{"line":37,"column":50},"end":{"line":40,"column":1}},"line":37},"1":{"name":"validateUser","decl":{"start":{"line":44,"column":9},"end":{"line":44,"column":21}},"loc":{"start":{"line":44,"column":28},"end":{"line":51,"column":1}},"line":44},"2":{"name":"validateUserLogin","decl":{"start":{"line":53,"column":9},"end":{"line":53,"column":26}},"loc":{"start":{"line":53,"column":33},"end":{"line":59,"column":1}},"line":53}},"branchMap":{},"s":{"0":1,"1":1,"2":1,"3":1,"4":1,"5":1,"6":1,"7":1,"8":1,"9":6,"10":6,"11":5,"12":5,"13":1,"14":1,"15":1,"16":1},"f":{"0":1,"1":6,"2":5},"b":{},"_coverageSchema":"43e27e138ebf9cfc5966b082cf9a028302ed4184","hash":"90fdb52d83d3904412fb11fef61a1232c2bf170e"}
}
