TN:
SF:/home/taranpreet/Sfu/CMPT276/OnlineGame/Back-End/index.js
FN:29,(anonymous_0)
FN:30,(anonymous_1)
FN:32,(anonymous_2)
FN:37,(anonymous_3)
FNF:4
FNH:3
FNDA:1,(anonymous_0)
FNDA:0,(anonymous_1)
FNDA:1,(anonymous_2)
FNDA:12,(anonymous_3)
DA:1,1
DA:2,1
DA:3,1
DA:4,1
DA:5,1
DA:6,1
DA:7,1
DA:8,1
DA:10,1
DA:11,1
DA:12,1
DA:14,1
DA:15,1
DA:16,1
DA:17,1
DA:18,1
DA:26,1
DA:28,1
DA:29,1
DA:30,0
DA:32,1
DA:33,1
DA:37,1
DA:38,12
DA:39,12
DA:40,12
DA:41,12
DA:44,1
DA:46,1
LF:29
LH:28
BRDA:12,0,0,1
BRDA:12,0,1,1
BRF:2
BRH:2
end_of_record
TN:
SF:/home/taranpreet/Sfu/CMPT276/OnlineGame/Back-End/middleware/auth.js
FN:4,(anonymous_0)
FNF:1
FNH:0
FNDA:0,(anonymous_0)
DA:1,1
DA:2,1
DA:4,1
DA:6,0
DA:8,0
DA:10,0
DA:11,0
DA:12,0
DA:13,0
DA:16,0
DA:18,0
LF:11
LH:3
BRDA:8,0,0,0
BRDA:8,0,1,0
BRF:2
BRH:0
end_of_record
TN:
SF:/home/taranpreet/Sfu/CMPT276/OnlineGame/Back-End/models/user.js
FN:37,(anonymous_0)
FN:44,validateUser
FN:53,validateUserLogin
FNF:3
FNH:3
FNDA:3,(anonymous_0)
FNDA:15,validateUser
FNDA:8,validateUserLogin
DA:1,2
DA:2,2
DA:3,2
DA:4,2
DA:6,2
DA:37,2
DA:38,3
DA:39,3
DA:42,2
DA:45,15
DA:50,15
DA:54,8
DA:58,8
DA:62,2
DA:63,2
DA:64,2
DA:65,2
LF:17
LH:17
BRF:0
BRH:0
end_of_record
TN:
SF:/home/taranpreet/Sfu/CMPT276/OnlineGame/Back-End/oauthStrategy/passport-google-strategy.js
FN:21,(anonymous_0)
FN:39,(anonymous_1)
FNF:2
FNH:0
FNDA:0,(anonymous_0)
FNDA:0,(anonymous_1)
DA:1,1
DA:2,1
DA:3,1
DA:4,1
DA:6,1
DA:7,0
DA:8,0
DA:11,1
DA:12,0
DA:13,0
DA:16,1
DA:22,0
DA:23,0
DA:25,0
DA:26,0
DA:29,0
DA:38,0
DA:40,0
DA:42,0
LF:19
LH:7
BRDA:6,0,0,0
BRDA:6,0,1,1
BRDA:11,1,0,0
BRDA:11,1,1,1
BRDA:25,2,0,0
BRDA:25,2,1,0
BRDA:25,3,0,0
BRDA:25,3,1,0
BRF:8
BRH:2
end_of_record
TN:
SF:/home/taranpreet/Sfu/CMPT276/OnlineGame/Back-End/routes/auth.js
FN:10,(anonymous_0)
FN:25,(anonymous_1)
FN:49,(anonymous_2)
FN:64,(anonymous_3)
FNF:4
FNH:2
FNDA:3,(anonymous_0)
FNDA:9,(anonymous_1)
FNDA:0,(anonymous_2)
FNDA:0,(anonymous_3)
DA:1,1
DA:2,1
DA:3,1
DA:4,1
DA:5,1
DA:6,1
DA:7,1
DA:8,1
DA:10,1
DA:11,3
DA:12,3
DA:14,1
DA:15,1
DA:17,0
DA:18,0
DA:20,0
DA:21,0
DA:25,1
DA:26,9
DA:27,9
DA:29,3
DA:30,3
DA:32,2
DA:33,2
DA:36,2
DA:45,2
DA:46,2
DA:48,2
DA:50,0
DA:51,0
DA:54,2
DA:55,2
DA:59,1
DA:64,1
DA:65,0
DA:66,0
DA:67,0
DA:70,1
LF:38
LH:29
BRDA:12,0,0,2
BRDA:12,0,1,1
BRDA:15,1,0,1
BRDA:15,1,1,0
BRDA:18,2,0,0
BRDA:18,2,1,0
BRDA:27,3,0,6
BRDA:27,3,1,3
BRDA:30,4,0,1
BRDA:30,4,1,2
BRDA:33,5,0,0
BRDA:33,5,1,2
BRF:12
BRH:8
end_of_record
