{"/home/taranpreet/Sfu/CMPT276/OnlineGame/index.js": {"path":"/home/taranpreet/Sfu/CMPT276/OnlineGame/index.js","statementMap":{"0":{"start":{"line":1,"column":16},"end":{"line":1,"column":34}},"1":{"start":{"line":2,"column":17},"end":{"line":2,"column":36}},"2":{"start":{"line":3,"column":16},"end":{"line":3,"column":42}},"3":{"start":{"line":4,"column":13},"end":{"line":4,"column":28}},"4":{"start":{"line":5,"column":14},"end":{"line":5,"column":30}},"5":{"start":{"line":6,"column":15},"end":{"line":6,"column":32}},"6":{"start":{"line":7,"column":22},"end":{"line":7,"column":82}},"7":{"start":{"line":8,"column":18},"end":{"line":8,"column":51}},"8":{"start":{"line":10,"column":13},"end":{"line":10,"column":37}},"9":{"start":{"line":11,"column":12},"end":{"line":11,"column":21}},"10":{"start":{"line":13,"column":0},"end":{"line":16,"column":1}},"11":{"start":{"line":14,"column":2},"end":{"line":14,"column":48}},"12":{"start":{"line":15,"column":2},"end":{"line":15,"column":18}},"13":{"start":{"line":18,"column":0},"end":{"line":18,"column":56}},"14":{"start":{"line":19,"column":0},"end":{"line":19,"column":24}},"15":{"start":{"line":20,"column":0},"end":{"line":20,"column":49}},"16":{"start":{"line":21,"column":0},"end":{"line":26,"column":4}},"17":{"start":{"line":30,"column":0},"end":{"line":39,"column":1}},"18":{"start":{"line":31,"column":13},"end":{"line":31,"column":29}},"19":{"start":{"line":32,"column":2},"end":{"line":38,"column":7}},"20":{"start":{"line":34,"column":6},"end":{"line":34,"column":43}},"21":{"start":{"line":37,"column":6},"end":{"line":37,"column":55}},"22":{"start":{"line":41,"column":0},"end":{"line":50,"column":1}},"23":{"start":{"line":42,"column":13},"end":{"line":42,"column":54}},"24":{"start":{"line":43,"column":2},"end":{"line":49,"column":7}},"25":{"start":{"line":45,"column":6},"end":{"line":45,"column":43}},"26":{"start":{"line":48,"column":6},"end":{"line":48,"column":55}},"27":{"start":{"line":53,"column":15},"end":{"line":53,"column":79}},"28":{"start":{"line":53,"column":38},"end":{"line":53,"column":78}},"29":{"start":{"line":56,"column":13},"end":{"line":59,"column":1}},"30":{"start":{"line":57,"column":4},"end":{"line":58,"column":83}},"31":{"start":{"line":57,"column":66},"end":{"line":57,"column":80}},"32":{"start":{"line":58,"column":9},"end":{"line":58,"column":83}},"33":{"start":{"line":61,"column":22},"end":{"line":65,"column":1}},"34":{"start":{"line":63,"column":4},"end":{"line":64,"column":23}},"35":{"start":{"line":63,"column":30},"end":{"line":63,"column":109}},"36":{"start":{"line":64,"column":9},"end":{"line":64,"column":23}},"37":{"start":{"line":69,"column":0},"end":{"line":69,"column":48}},"38":{"start":{"line":70,"column":0},"end":{"line":70,"column":30}},"39":{"start":{"line":71,"column":0},"end":{"line":74,"column":3}},"40":{"start":{"line":72,"column":4},"end":{"line":73,"column":32}},"41":{"start":{"line":72,"column":30},"end":{"line":72,"column":51}},"42":{"start":{"line":73,"column":9},"end":{"line":73,"column":32}},"43":{"start":{"line":75,"column":0},"end":{"line":75,"column":76}},"44":{"start":{"line":75,"column":48},"end":{"line":75,"column":74}},"45":{"start":{"line":76,"column":0},"end":{"line":76,"column":77}},"46":{"start":{"line":76,"column":47},"end":{"line":76,"column":75}},"47":{"start":{"line":77,"column":0},"end":{"line":81,"column":3}},"48":{"start":{"line":78,"column":4},"end":{"line":78,"column":33}},"49":{"start":{"line":79,"column":4},"end":{"line":79,"column":26}},"50":{"start":{"line":80,"column":4},"end":{"line":80,"column":28}},"51":{"start":{"line":82,"column":0},"end":{"line":82,"column":63}},"52":{"start":{"line":82,"column":37},"end":{"line":82,"column":61}},"53":{"start":{"line":84,"column":0},"end":{"line":84,"column":28}},"54":{"start":{"line":86,"column":0},"end":{"line":86,"column":24}}},"fnMap":{"0":{"name":"(anonymous_0)","decl":{"start":{"line":33,"column":10},"end":{"line":33,"column":11}},"loc":{"start":{"line":33,"column":16},"end":{"line":35,"column":5}},"line":33},"1":{"name":"(anonymous_1)","decl":{"start":{"line":36,"column":11},"end":{"line":36,"column":12}},"loc":{"start":{"line":36,"column":18},"end":{"line":38,"column":5}},"line":36},"2":{"name":"(anonymous_2)","decl":{"start":{"line":44,"column":10},"end":{"line":44,"column":11}},"loc":{"start":{"line":44,"column":16},"end":{"line":46,"column":5}},"line":44},"3":{"name":"(anonymous_3)","decl":{"start":{"line":47,"column":11},"end":{"line":47,"column":12}},"loc":{"start":{"line":47,"column":18},"end":{"line":49,"column":5}},"line":47},"4":{"name":"(anonymous_4)","decl":{"start":{"line":53,"column":32},"end":{"line":53,"column":33}},"loc":{"start":{"line":53,"column":38},"end":{"line":53,"column":78}},"line":53},"5":{"name":"(anonymous_5)","decl":{"start":{"line":56,"column":13},"end":{"line":56,"column":14}},"loc":{"start":{"line":56,"column":38},"end":{"line":59,"column":1}},"line":56},"6":{"name":"(anonymous_6)","decl":{"start":{"line":61,"column":22},"end":{"line":61,"column":23}},"loc":{"start":{"line":61,"column":47},"end":{"line":65,"column":1}},"line":61},"7":{"name":"(anonymous_7)","decl":{"start":{"line":71,"column":13},"end":{"line":71,"column":14}},"loc":{"start":{"line":71,"column":27},"end":{"line":74,"column":1}},"line":71},"8":{"name":"(anonymous_8)","decl":{"start":{"line":75,"column":34},"end":{"line":75,"column":35}},"loc":{"start":{"line":75,"column":48},"end":{"line":75,"column":74}},"line":75},"9":{"name":"(anonymous_9)","decl":{"start":{"line":76,"column":34},"end":{"line":76,"column":35}},"loc":{"start":{"line":76,"column":47},"end":{"line":76,"column":75}},"line":76},"10":{"name":"(anonymous_10)","decl":{"start":{"line":77,"column":19},"end":{"line":77,"column":20}},"loc":{"start":{"line":77,"column":39},"end":{"line":81,"column":1}},"line":77},"11":{"name":"(anonymous_11)","decl":{"start":{"line":82,"column":23},"end":{"line":82,"column":24}},"loc":{"start":{"line":82,"column":37},"end":{"line":82,"column":61}},"line":82}},"branchMap":{"0":{"loc":{"start":{"line":10,"column":13},"end":{"line":10,"column":37}},"type":"binary-expr","locations":[{"start":{"line":10,"column":13},"end":{"line":10,"column":29}},{"start":{"line":10,"column":33},"end":{"line":10,"column":37}}],"line":10},"1":{"loc":{"start":{"line":13,"column":0},"end":{"line":16,"column":1}},"type":"if","locations":[{"start":{"line":13,"column":0},"end":{"line":16,"column":1}},{"start":{"line":13,"column":0},"end":{"line":16,"column":1}}],"line":13},"2":{"loc":{"start":{"line":30,"column":0},"end":{"line":39,"column":1}},"type":"if","locations":[{"start":{"line":30,"column":0},"end":{"line":39,"column":1}},{"start":{"line":30,"column":0},"end":{"line":39,"column":1}}],"line":30},"3":{"loc":{"start":{"line":41,"column":0},"end":{"line":50,"column":1}},"type":"if","locations":[{"start":{"line":41,"column":0},"end":{"line":50,"column":1}},{"start":{"line":41,"column":0},"end":{"line":50,"column":1}}],"line":41},"4":{"loc":{"start":{"line":57,"column":4},"end":{"line":58,"column":83}},"type":"if","locations":[{"start":{"line":57,"column":4},"end":{"line":58,"column":83}},{"start":{"line":57,"column":4},"end":{"line":58,"column":83}}],"line":57},"5":{"loc":{"start":{"line":57,"column":8},"end":{"line":57,"column":64}},"type":"binary-expr","locations":[{"start":{"line":57,"column":8},"end":{"line":57,"column":19}},{"start":{"line":57,"column":23},"end":{"line":57,"column":43}},{"start":{"line":57,"column":47},"end":{"line":57,"column":64}}],"line":57},"6":{"loc":{"start":{"line":63,"column":4},"end":{"line":64,"column":23}},"type":"if","locations":[{"start":{"line":63,"column":4},"end":{"line":64,"column":23}},{"start":{"line":63,"column":4},"end":{"line":64,"column":23}}],"line":63},"7":{"loc":{"start":{"line":72,"column":4},"end":{"line":73,"column":32}},"type":"if","locations":[{"start":{"line":72,"column":4},"end":{"line":73,"column":32}},{"start":{"line":72,"column":4},"end":{"line":73,"column":32}}],"line":72}},"s":{"0":1,"1":1,"2":1,"3":1,"4":1,"5":1,"6":1,"7":1,"8":1,"9":1,"10":1,"11":0,"12":0,"13":1,"14":1,"15":1,"16":1,"17":1,"18":0,"19":0,"20":0,"21":0,"22":1,"23":1,"24":1,"25":1,"26":0,"27":1,"28":1,"29":1,"30":0,"31":0,"32":0,"33":1,"34":0,"35":0,"36":0,"37":1,"38":1,"39":1,"40":0,"41":0,"42":0,"43":1,"44":0,"45":1,"46":0,"47":1,"48":0,"49":0,"50":0,"51":1,"52":0,"53":1,"54":1},"f":{"0":0,"1":0,"2":1,"3":0,"4":1,"5":0,"6":0,"7":0,"8":0,"9":0,"10":0,"11":0},"b":{"0":[1,1],"1":[0,1],"2":[0,1],"3":[1,0],"4":[0,0],"5":[0,0,0],"6":[0,0],"7":[0,0]},"_coverageSchema":"43e27e138ebf9cfc5966b082cf9a028302ed4184","hash":"9bb7dae497f9043d6b6caf762b775861d052e4ca"}
,"/home/taranpreet/Sfu/CMPT276/OnlineGame/back-end/models/user.js": {"path":"/home/taranpreet/Sfu/CMPT276/OnlineGame/back-end/models/user.js","statementMap":{"0":{"start":{"line":1,"column":17},"end":{"line":1,"column":36}},"1":{"start":{"line":2,"column":12},"end":{"line":2,"column":26}},"2":{"start":{"line":3,"column":12},"end":{"line":3,"column":35}},"3":{"start":{"line":4,"column":15},"end":{"line":4,"column":32}},"4":{"start":{"line":6,"column":19},"end":{"line":35,"column":2}},"5":{"start":{"line":37,"column":0},"end":{"line":40,"column":1}},"6":{"start":{"line":38,"column":16},"end":{"line":38,"column":118}},"7":{"start":{"line":39,"column":2},"end":{"line":39,"column":15}},"8":{"start":{"line":42,"column":13},"end":{"line":42,"column":47}},"9":{"start":{"line":45,"column":17},"end":{"line":49,"column":3}},"10":{"start":{"line":50,"column":2},"end":{"line":50,"column":36}},"11":{"start":{"line":54,"column":17},"end":{"line":57,"column":3}},"12":{"start":{"line":58,"column":2},"end":{"line":58,"column":36}},"13":{"start":{"line":62,"column":0},"end":{"line":62,"column":39}},"14":{"start":{"line":63,"column":0},"end":{"line":63,"column":27}},"15":{"start":{"line":64,"column":0},"end":{"line":64,"column":43}},"16":{"start":{"line":65,"column":0},"end":{"line":65,"column":53}}},"fnMap":{"0":{"name":"(anonymous_0)","decl":{"start":{"line":37,"column":39},"end":{"line":37,"column":40}},"loc":{"start":{"line":37,"column":50},"end":{"line":40,"column":1}},"line":37},"1":{"name":"validateUser","decl":{"start":{"line":44,"column":9},"end":{"line":44,"column":21}},"loc":{"start":{"line":44,"column":28},"end":{"line":51,"column":1}},"line":44},"2":{"name":"validateUserLogin","decl":{"start":{"line":53,"column":9},"end":{"line":53,"column":26}},"loc":{"start":{"line":53,"column":33},"end":{"line":59,"column":1}},"line":53}},"branchMap":{"0":{"loc":{"start":{"line":38,"column":49},"end":{"line":38,"column":86}},"type":"binary-expr","locations":[{"start":{"line":38,"column":49},"end":{"line":38,"column":66}},{"start":{"line":38,"column":70},"end":{"line":38,"column":86}}],"line":38}},"s":{"0":2,"1":2,"2":2,"3":2,"4":2,"5":2,"6":2,"7":2,"8":2,"9":15,"10":15,"11":8,"12":8,"13":2,"14":2,"15":2,"16":2},"f":{"0":2,"1":15,"2":8},"b":{"0":[2,2]},"_coverageSchema":"43e27e138ebf9cfc5966b082cf9a028302ed4184","hash":"01e3cf87cfa3a371b742e6a3f5d8956cb38c32ea"}
,"/home/taranpreet/Sfu/CMPT276/OnlineGame/back-end/oauthStrategy/passport-google-strategy.js": {"path":"/home/taranpreet/Sfu/CMPT276/OnlineGame/back-end/oauthStrategy/passport-google-strategy.js","statementMap":{"0":{"start":{"line":1,"column":17},"end":{"line":1,"column":36}},"1":{"start":{"line":2,"column":23},"end":{"line":2,"column":57}},"2":{"start":{"line":3,"column":15},"end":{"line":3,"column":32}},"3":{"start":{"line":4,"column":17},"end":{"line":4,"column":42}},"4":{"start":{"line":6,"column":0},"end":{"line":9,"column":1}},"5":{"start":{"line":7,"column":2},"end":{"line":7,"column":43}},"6":{"start":{"line":8,"column":2},"end":{"line":8,"column":18}},"7":{"start":{"line":11,"column":0},"end":{"line":14,"column":1}},"8":{"start":{"line":12,"column":2},"end":{"line":12,"column":47}},"9":{"start":{"line":13,"column":2},"end":{"line":13,"column":18}},"10":{"start":{"line":17,"column":0},"end":{"line":46,"column":4}},"11":{"start":{"line":23,"column":15},"end":{"line":23,"column":68}},"12":{"start":{"line":24,"column":22},"end":{"line":24,"column":83}},"13":{"start":{"line":26,"column":4},"end":{"line":44,"column":5}},"14":{"start":{"line":27,"column":6},"end":{"line":27,"column":30}},"15":{"start":{"line":30,"column":6},"end":{"line":37,"column":9}},"16":{"start":{"line":39,"column":21},"end":{"line":42,"column":10}},"17":{"start":{"line":41,"column":10},"end":{"line":41,"column":27}},"18":{"start":{"line":43,"column":6},"end":{"line":43,"column":25}}},"fnMap":{"0":{"name":"(anonymous_0)","decl":{"start":{"line":22,"column":3},"end":{"line":22,"column":4}},"loc":{"start":{"line":22,"column":55},"end":{"line":46,"column":1}},"line":22},"1":{"name":"(anonymous_1)","decl":{"start":{"line":40,"column":15},"end":{"line":40,"column":16}},"loc":{"start":{"line":40,"column":24},"end":{"line":42,"column":9}},"line":40}},"branchMap":{"0":{"loc":{"start":{"line":6,"column":0},"end":{"line":9,"column":1}},"type":"if","locations":[{"start":{"line":6,"column":0},"end":{"line":9,"column":1}},{"start":{"line":6,"column":0},"end":{"line":9,"column":1}}],"line":6},"1":{"loc":{"start":{"line":11,"column":0},"end":{"line":14,"column":1}},"type":"if","locations":[{"start":{"line":11,"column":0},"end":{"line":14,"column":1}},{"start":{"line":11,"column":0},"end":{"line":14,"column":1}}],"line":11},"2":{"loc":{"start":{"line":26,"column":4},"end":{"line":44,"column":5}},"type":"if","locations":[{"start":{"line":26,"column":4},"end":{"line":44,"column":5}},{"start":{"line":26,"column":4},"end":{"line":44,"column":5}}],"line":26},"3":{"loc":{"start":{"line":26,"column":8},"end":{"line":26,"column":25}},"type":"binary-expr","locations":[{"start":{"line":26,"column":8},"end":{"line":26,"column":12}},{"start":{"line":26,"column":16},"end":{"line":26,"column":25}}],"line":26}},"s":{"0":1,"1":1,"2":1,"3":1,"4":1,"5":0,"6":0,"7":1,"8":0,"9":0,"10":1,"11":0,"12":0,"13":0,"14":0,"15":0,"16":0,"17":0,"18":0},"f":{"0":0,"1":0},"b":{"0":[0,1],"1":[0,1],"2":[0,0],"3":[0,0]},"_coverageSchema":"43e27e138ebf9cfc5966b082cf9a028302ed4184","hash":"a51fba394a54e29d3831902c3011dd927236c257"}
,"/home/taranpreet/Sfu/CMPT276/OnlineGame/back-end/routes/auth.js": {"path":"/home/taranpreet/Sfu/CMPT276/OnlineGame/back-end/routes/auth.js","statementMap":{"0":{"start":{"line":1,"column":16},"end":{"line":1,"column":34}},"1":{"start":{"line":2,"column":17},"end":{"line":2,"column":36}},"2":{"start":{"line":3,"column":15},"end":{"line":3,"column":34}},"3":{"start":{"line":4,"column":15},"end":{"line":4,"column":32}},"4":{"start":{"line":5,"column":10},"end":{"line":5,"column":27}},"5":{"start":{"line":6,"column":16},"end":{"line":6,"column":42}},"6":{"start":{"line":8,"column":50},"end":{"line":8,"column":75}},"7":{"start":{"line":10,"column":15},"end":{"line":10,"column":31}},"8":{"start":{"line":11,"column":12},"end":{"line":11,"column":20}},"9":{"start":{"line":14,"column":0},"end":{"line":33,"column":3}},"10":{"start":{"line":15,"column":20},"end":{"line":15,"column":47}},"11":{"start":{"line":16,"column":2},"end":{"line":16,"column":67}},"12":{"start":{"line":16,"column":13},"end":{"line":16,"column":67}},"13":{"start":{"line":18,"column":13},"end":{"line":18,"column":66}},"14":{"start":{"line":19,"column":2},"end":{"line":19,"column":70}},"15":{"start":{"line":19,"column":13},"end":{"line":19,"column":70}},"16":{"start":{"line":21,"column":24},"end":{"line":21,"column":84}},"17":{"start":{"line":22,"column":2},"end":{"line":22,"column":70}},"18":{"start":{"line":22,"column":22},"end":{"line":22,"column":70}},"19":{"start":{"line":24,"column":16},"end":{"line":24,"column":40}},"20":{"start":{"line":26,"column":2},"end":{"line":26,"column":25}},"21":{"start":{"line":27,"column":2},"end":{"line":27,"column":30}},"22":{"start":{"line":28,"column":2},"end":{"line":28,"column":51}},"23":{"start":{"line":29,"column":2},"end":{"line":29,"column":37}},"24":{"start":{"line":30,"column":2},"end":{"line":30,"column":37}},"25":{"start":{"line":31,"column":2},"end":{"line":31,"column":58}},"26":{"start":{"line":32,"column":2},"end":{"line":32,"column":24}},"27":{"start":{"line":36,"column":0},"end":{"line":74,"column":3}},"28":{"start":{"line":37,"column":20},"end":{"line":37,"column":42}},"29":{"start":{"line":38,"column":2},"end":{"line":38,"column":67}},"30":{"start":{"line":38,"column":13},"end":{"line":38,"column":67}},"31":{"start":{"line":40,"column":13},"end":{"line":40,"column":66}},"32":{"start":{"line":41,"column":2},"end":{"line":41,"column":56}},"33":{"start":{"line":41,"column":12},"end":{"line":41,"column":56}},"34":{"start":{"line":43,"column":2},"end":{"line":43,"column":64}},"35":{"start":{"line":44,"column":2},"end":{"line":44,"column":56}},"36":{"start":{"line":44,"column":12},"end":{"line":44,"column":56}},"37":{"start":{"line":47,"column":2},"end":{"line":54,"column":5}},"38":{"start":{"line":56,"column":15},"end":{"line":56,"column":39}},"39":{"start":{"line":57,"column":2},"end":{"line":57,"column":69}},"40":{"start":{"line":59,"column":17},"end":{"line":63,"column":4}},"41":{"start":{"line":61,"column":6},"end":{"line":61,"column":54}},"42":{"start":{"line":62,"column":6},"end":{"line":62,"column":25}},"43":{"start":{"line":65,"column":16},"end":{"line":65,"column":40}},"44":{"start":{"line":66,"column":2},"end":{"line":66,"column":21}},"45":{"start":{"line":68,"column":2},"end":{"line":68,"column":30}},"46":{"start":{"line":69,"column":2},"end":{"line":69,"column":51}},"47":{"start":{"line":70,"column":2},"end":{"line":70,"column":35}},"48":{"start":{"line":71,"column":2},"end":{"line":71,"column":37}},"49":{"start":{"line":72,"column":2},"end":{"line":72,"column":58}},"50":{"start":{"line":73,"column":2},"end":{"line":73,"column":24}},"51":{"start":{"line":77,"column":0},"end":{"line":79,"column":4}},"52":{"start":{"line":82,"column":0},"end":{"line":93,"column":3}},"53":{"start":{"line":83,"column":26},"end":{"line":83,"column":41}},"54":{"start":{"line":87,"column":2},"end":{"line":87,"column":30}},"55":{"start":{"line":88,"column":2},"end":{"line":88,"column":51}},"56":{"start":{"line":89,"column":2},"end":{"line":89,"column":26}},"57":{"start":{"line":90,"column":2},"end":{"line":90,"column":28}},"58":{"start":{"line":91,"column":2},"end":{"line":91,"column":58}},"59":{"start":{"line":92,"column":2},"end":{"line":92,"column":24}},"60":{"start":{"line":95,"column":0},"end":{"line":95,"column":24}}},"fnMap":{"0":{"name":"(anonymous_0)","decl":{"start":{"line":14,"column":22},"end":{"line":14,"column":23}},"loc":{"start":{"line":14,"column":42},"end":{"line":33,"column":1}},"line":14},"1":{"name":"(anonymous_1)","decl":{"start":{"line":36,"column":25},"end":{"line":36,"column":26}},"loc":{"start":{"line":36,"column":45},"end":{"line":74,"column":1}},"line":36},"2":{"name":"(anonymous_2)","decl":{"start":{"line":60,"column":11},"end":{"line":60,"column":12}},"loc":{"start":{"line":60,"column":20},"end":{"line":63,"column":3}},"line":60},"3":{"name":"(anonymous_3)","decl":{"start":{"line":82,"column":84},"end":{"line":82,"column":85}},"loc":{"start":{"line":82,"column":98},"end":{"line":93,"column":1}},"line":82}},"branchMap":{"0":{"loc":{"start":{"line":16,"column":2},"end":{"line":16,"column":67}},"type":"if","locations":[{"start":{"line":16,"column":2},"end":{"line":16,"column":67}},{"start":{"line":16,"column":2},"end":{"line":16,"column":67}}],"line":16},"1":{"loc":{"start":{"line":19,"column":2},"end":{"line":19,"column":70}},"type":"if","locations":[{"start":{"line":19,"column":2},"end":{"line":19,"column":70}},{"start":{"line":19,"column":2},"end":{"line":19,"column":70}}],"line":19},"2":{"loc":{"start":{"line":22,"column":2},"end":{"line":22,"column":70}},"type":"if","locations":[{"start":{"line":22,"column":2},"end":{"line":22,"column":70}},{"start":{"line":22,"column":2},"end":{"line":22,"column":70}}],"line":22},"3":{"loc":{"start":{"line":38,"column":2},"end":{"line":38,"column":67}},"type":"if","locations":[{"start":{"line":38,"column":2},"end":{"line":38,"column":67}},{"start":{"line":38,"column":2},"end":{"line":38,"column":67}}],"line":38},"4":{"loc":{"start":{"line":41,"column":2},"end":{"line":41,"column":56}},"type":"if","locations":[{"start":{"line":41,"column":2},"end":{"line":41,"column":56}},{"start":{"line":41,"column":2},"end":{"line":41,"column":56}}],"line":41},"5":{"loc":{"start":{"line":44,"column":2},"end":{"line":44,"column":56}},"type":"if","locations":[{"start":{"line":44,"column":2},"end":{"line":44,"column":56}},{"start":{"line":44,"column":2},"end":{"line":44,"column":56}}],"line":44}},"s":{"0":1,"1":1,"2":1,"3":1,"4":1,"5":1,"6":1,"7":1,"8":1,"9":1,"10":3,"11":3,"12":2,"13":1,"14":1,"15":1,"16":0,"17":0,"18":0,"19":0,"20":0,"21":0,"22":0,"23":0,"24":0,"25":0,"26":0,"27":1,"28":9,"29":9,"30":6,"31":3,"32":3,"33":2,"34":1,"35":1,"36":0,"37":1,"38":1,"39":1,"40":1,"41":0,"42":0,"43":1,"44":1,"45":1,"46":1,"47":1,"48":1,"49":1,"50":1,"51":1,"52":1,"53":0,"54":0,"55":0,"56":0,"57":0,"58":0,"59":0,"60":1},"f":{"0":3,"1":9,"2":0,"3":0},"b":{"0":[2,1],"1":[1,0],"2":[0,0],"3":[6,3],"4":[2,1],"5":[0,1]},"_coverageSchema":"43e27e138ebf9cfc5966b082cf9a028302ed4184","hash":"581493af2d11d94c723823b2ddf61647874deddd"}
}
