TN:
SF:/home/taranpreet/Sfu/CMPT276/OnlineGame/index.js
FN:33,(anonymous_0)
FN:36,(anonymous_1)
FN:44,(anonymous_2)
FN:47,(anonymous_3)
FN:53,(anonymous_4)
FN:56,(anonymous_5)
FN:61,(anonymous_6)
FN:71,(anonymous_7)
FN:75,(anonymous_8)
FN:76,(anonymous_9)
FN:77,(anonymous_10)
FN:82,(anonymous_11)
FNF:12
FNH:2
FNDA:0,(anonymous_0)
FNDA:0,(anonymous_1)
FNDA:1,(anonymous_2)
FNDA:0,(anonymous_3)
FNDA:1,(anonymous_4)
FNDA:0,(anonymous_5)
FNDA:0,(anonymous_6)
FNDA:0,(anonymous_7)
FNDA:0,(anonymous_8)
FNDA:0,(anonymous_9)
FNDA:0,(anonymous_10)
FNDA:0,(anonymous_11)
DA:1,1
DA:2,1
DA:3,1
DA:4,1
DA:5,1
DA:6,1
DA:7,1
DA:8,1
DA:10,1
DA:11,1
DA:13,1
DA:14,0
DA:15,0
DA:18,1
DA:19,1
DA:20,1
DA:21,1
DA:30,1
DA:31,0
DA:32,0
DA:34,0
DA:37,0
DA:41,1
DA:42,1
DA:43,1
DA:45,1
DA:48,0
DA:53,1
DA:56,1
DA:57,0
DA:58,0
DA:61,1
DA:63,0
DA:64,0
DA:69,1
DA:70,1
DA:71,1
DA:72,0
DA:73,0
DA:75,1
DA:76,1
DA:77,1
DA:78,0
DA:79,0
DA:80,0
DA:82,1
DA:84,1
DA:86,1
LF:48
LH:32
BRDA:10,0,0,1
BRDA:10,0,1,1
BRDA:13,1,0,0
BRDA:13,1,1,1
BRDA:30,2,0,0
BRDA:30,2,1,1
BRDA:41,3,0,1
BRDA:41,3,1,0
BRDA:57,4,0,0
BRDA:57,4,1,0
BRDA:57,5,0,0
BRDA:57,5,1,0
BRDA:57,5,2,0
BRDA:63,6,0,0
BRDA:63,6,1,0
BRDA:72,7,0,0
BRDA:72,7,1,0
BRF:17
BRH:5
end_of_record
TN:
SF:/home/taranpreet/Sfu/CMPT276/OnlineGame/back-end/models/user.js
FN:37,(anonymous_0)
FN:44,validateUser
FN:53,validateUserLogin
FNF:3
FNH:3
FNDA:3,(anonymous_0)
FNDA:15,validateUser
FNDA:8,validateUserLogin
DA:1,2
DA:2,2
DA:3,2
DA:4,2
DA:6,2
DA:37,2
DA:38,3
DA:39,3
DA:42,2
DA:45,15
DA:50,15
DA:54,8
DA:58,8
DA:62,2
DA:63,2
DA:64,2
DA:65,2
LF:17
LH:17
BRDA:38,0,0,3
BRDA:38,0,1,3
BRF:2
BRH:2
end_of_record
TN:
SF:/home/taranpreet/Sfu/CMPT276/OnlineGame/back-end/oauthStrategy/passport-google-strategy.js
FN:22,(anonymous_0)
FN:40,(anonymous_1)
FNF:2
FNH:0
FNDA:0,(anonymous_0)
FNDA:0,(anonymous_1)
DA:1,1
DA:2,1
DA:3,1
DA:4,1
DA:6,1
DA:7,0
DA:8,0
DA:11,1
DA:12,0
DA:13,0
DA:17,1
DA:23,0
DA:24,0
DA:26,0
DA:27,0
DA:30,0
DA:39,0
DA:41,0
DA:43,0
LF:19
LH:7
BRDA:6,0,0,0
BRDA:6,0,1,1
BRDA:11,1,0,0
BRDA:11,1,1,1
BRDA:26,2,0,0
BRDA:26,2,1,0
BRDA:26,3,0,0
BRDA:26,3,1,0
BRF:8
BRH:2
end_of_record
TN:
SF:/home/taranpreet/Sfu/CMPT276/OnlineGame/back-end/routes/auth.js
FN:14,(anonymous_0)
FN:36,(anonymous_1)
FN:60,(anonymous_2)
FN:82,(anonymous_3)
FNF:4
FNH:2
FNDA:3,(anonymous_0)
FNDA:9,(anonymous_1)
FNDA:0,(anonymous_2)
FNDA:0,(anonymous_3)
DA:1,1
DA:2,1
DA:3,1
DA:4,1
DA:5,1
DA:6,1
DA:8,1
DA:10,1
DA:11,1
DA:14,1
DA:15,3
DA:16,3
DA:18,1
DA:19,1
DA:21,0
DA:22,0
DA:24,0
DA:26,0
DA:27,0
DA:28,0
DA:29,0
DA:30,0
DA:31,0
DA:32,0
DA:36,1
DA:37,9
DA:38,9
DA:40,3
DA:41,3
DA:43,2
DA:44,2
DA:47,2
DA:56,2
DA:57,2
DA:59,2
DA:61,0
DA:62,0
DA:65,2
DA:67,2
DA:68,2
DA:69,2
DA:70,2
DA:71,2
DA:72,2
DA:73,2
DA:77,1
DA:82,1
DA:83,0
DA:84,0
DA:86,0
DA:87,0
DA:89,0
DA:90,0
DA:91,0
DA:92,0
DA:93,0
DA:94,0
DA:97,1
LF:58
LH:36
BRDA:16,0,0,2
BRDA:16,0,1,1
BRDA:19,1,0,1
BRDA:19,1,1,0
BRDA:22,2,0,0
BRDA:22,2,1,0
BRDA:38,3,0,6
BRDA:38,3,1,3
BRDA:41,4,0,1
BRDA:41,4,1,2
BRDA:44,5,0,0
BRDA:44,5,1,2
BRF:12
BRH:8
end_of_record
